# JRE version: OpenJDK Runtime Environment (8.0_242-b01) (build 1.8.0_242-release-1644-b01)
# Java VM: OpenJDK 64-Bit Server VM (25.242-b01 mixed mode windows-amd64 compressed oops)
Heap:
 PSYoungGen      total 322560K, used 57903K [0x00000000e0000000, 0x00000000f5880000, 0x0000000100000000)
  eden space 302592K, 13% used [0x00000000e0000000,0x00000000e285c960,0x00000000f2780000)
  from space 19968K, 82% used [0x00000000f4500000,0x00000000f552f2e8,0x00000000f5880000)
  to   space 25088K, 0% used [0x00000000f2780000,0x00000000f2780000,0x00000000f4000000)
 ParOldGen       total 186368K, used 42572K [0x00000000a0000000, 0x00000000ab600000, 0x00000000e0000000)
  object space 186368K, 22% used [0x00000000a0000000,0x00000000a29930d8,0x00000000ab600000)
 Metaspace       used 67092K, capacity 70080K, committed 70312K, reserved 1110016K
  class space    used 8957K, capacity 9604K, committed 9648K, reserved 1048576K
GC Heap History (10 events):
Event: 4.466 GC heap before
{Heap before GC invocations=9 (full 2):
 PSYoungGen      total 160768K, used 8410K [0x00000000e0000000, 0x00000000f1780000, 0x0000000100000000)
  eden space 145408K, 0% used [0x00000000e0000000,0x00000000e0000000,0x00000000e8e00000)
  from space 15360K, 54% used [0x00000000e8e00000,0x00000000e9636bd0,0x00000000e9d00000)
  to   space 14848K, 0% used [0x00000000f0900000,0x00000000f0900000,0x00000000f1780000)
 ParOldGen       total 88064K, used 13080K [0x00000000a0000000, 0x00000000a5600000, 0x00000000e0000000)
  object space 88064K, 14% used [0x00000000a0000000,0x00000000a0cc6140,0x00000000a5600000)
 Metaspace       used 34492K, capacity 35350K, committed 35496K, reserved 1079296K
  class space    used 4709K, capacity 4956K, committed 5040K, reserved 1048576K
Event: 4.521 GC heap after
Heap after GC invocations=9 (full 2):
 PSYoungGen      total 160768K, used 0K [0x00000000e0000000, 0x00000000f1780000, 0x0000000100000000)
  eden space 145408K, 0% used [0x00000000e0000000,0x00000000e0000000,0x00000000e8e00000)
  from space 15360K, 0% used [0x00000000e8e00000,0x00000000e8e00000,0x00000000e9d00000)
  to   space 14848K, 0% used [0x00000000f0900000,0x00000000f0900000,0x00000000f1780000)
 ParOldGen       total 119296K, used 15260K [0x00000000a0000000, 0x00000000a7480000, 0x00000000e0000000)
  object space 119296K, 12% used [0x00000000a0000000,0x00000000a0ee72d8,0x00000000a7480000)
 Metaspace       used 34466K, capacity 35266K, committed 35496K, reserved 1079296K
  class space    used 4701K, capacity 4942K, committed 5040K, reserved 1048576K
}
Event: 5.878 GC heap before
{Heap before GC invocations=10 (full 2):
 PSYoungGen      total 160768K, used 145408K [0x00000000e0000000, 0x00000000f1780000, 0x0000000100000000)
  eden space 145408K, 100% used [0x00000000e0000000,0x00000000e8e00000,0x00000000e8e00000)
  from space 15360K, 0% used [0x00000000e8e00000,0x00000000e8e00000,0x00000000e9d00000)
  to   space 14848K, 0% used [0x00000000f0900000,0x00000000f0900000,0x00000000f1780000)
 ParOldGen       total 119296K, used 15260K [0x00000000a0000000, 0x00000000a7480000, 0x00000000e0000000)
  object space 119296K, 12% used [0x00000000a0000000,0x00000000a0ee72d8,0x00000000a7480000)
 Metaspace       used 46113K, capacity 47308K, committed 47528K, reserved 1089536K
  class space    used 6162K, capacity 6541K, committed 6576K, reserved 1048576K
Event: 5.888 GC heap after
Heap after GC invocations=10 (full 2):
 PSYoungGen      total 246272K, used 14818K [0x00000000e0000000, 0x00000000f1780000, 0x0000000100000000)
  eden space 231424K, 0% used [0x00000000e0000000,0x00000000e0000000,0x00000000ee200000)
  from space 14848K, 99% used [0x00000000f0900000,0x00000000f17789b8,0x00000000f1780000)
  to   space 17920K, 0% used [0x00000000ef480000,0x00000000ef480000,0x00000000f0600000)
 ParOldGen       total 119296K, used 17874K [0x00000000a0000000, 0x00000000a7480000, 0x00000000e0000000)
  object space 119296K, 14% used [0x00000000a0000000,0x00000000a1174b60,0x00000000a7480000)
 Metaspace       used 46113K, capacity 47308K, committed 47528K, reserved 1089536K
  class space    used 6162K, capacity 6541K, committed 6576K, reserved 1048576K
}
Event: 8.012 GC heap before
{Heap before GC invocations=11 (full 2):
 PSYoungGen      total 246272K, used 227618K [0x00000000e0000000, 0x00000000f1780000, 0x0000000100000000)
  eden space 231424K, 91% used [0x00000000e0000000,0x00000000ecfcff08,0x00000000ee200000)
  from space 14848K, 99% used [0x00000000f0900000,0x00000000f17789b8,0x00000000f1780000)
  to   space 17920K, 0% used [0x00000000ef480000,0x00000000ef480000,0x00000000f0600000)
 ParOldGen       total 119296K, used 17874K [0x00000000a0000000, 0x00000000a7480000, 0x00000000e0000000)
  object space 119296K, 14% used [0x00000000a0000000,0x00000000a1174b60,0x00000000a7480000)
 Metaspace       used 57254K, capacity 59088K, committed 59160K, reserved 1099776K
  class space    used 7802K, capacity 8315K, committed 8368K, reserved 1048576K
Event: 8.039 GC heap after
Heap after GC invocations=11 (full 2):
 PSYoungGen      total 268288K, used 17919K [0x00000000e0000000, 0x00000000f5d00000, 0x0000000100000000)
  eden space 250368K, 0% used [0x00000000e0000000,0x00000000e0000000,0x00000000ef480000)
  from space 17920K, 99% used [0x00000000ef480000,0x00000000f05ffda8,0x00000000f0600000)
  to   space 24576K, 0% used [0x00000000f4500000,0x00000000f4500000,0x00000000f5d00000)
 ParOldGen       total 119296K, used 28640K [0x00000000a0000000, 0x00000000a7480000, 0x00000000e0000000)
  object space 119296K, 24% used [0x00000000a0000000,0x00000000a1bf83f8,0x00000000a7480000)
 Metaspace       used 57254K, capacity 59088K, committed 59160K, reserved 1099776K
  class space    used 7802K, capacity 8315K, committed 8368K, reserved 1048576K
}
Event: 8.039 GC heap before
{Heap before GC invocations=12 (full 3):
 PSYoungGen      total 268288K, used 17919K [0x00000000e0000000, 0x00000000f5d00000, 0x0000000100000000)
  eden space 250368K, 0% used [0x00000000e0000000,0x00000000e0000000,0x00000000ef480000)
  from space 17920K, 99% used [0x00000000ef480000,0x00000000f05ffda8,0x00000000f0600000)
  to   space 24576K, 0% used [0x00000000f4500000,0x00000000f4500000,0x00000000f5d00000)
 ParOldGen       total 119296K, used 28640K [0x00000000a0000000, 0x00000000a7480000, 0x00000000e0000000)
  object space 119296K, 24% used [0x00000000a0000000,0x00000000a1bf83f8,0x00000000a7480000)
 Metaspace       used 57254K, capacity 59088K, committed 59160K, reserved 1099776K
  class space    used 7802K, capacity 8315K, committed 8368K, reserved 1048576K
Event: 8.284 GC heap after
Heap after GC invocations=12 (full 3):
 PSYoungGen      total 268288K, used 0K [0x00000000e0000000, 0x00000000f5d00000, 0x0000000100000000)
  eden space 250368K, 0% used [0x00000000e0000000,0x00000000e0000000,0x00000000ef480000)
  from space 17920K, 0% used [0x00000000ef480000,0x00000000ef480000,0x00000000f0600000)
  to   space 24576K, 0% used [0x00000000f4500000,0x00000000f4500000,0x00000000f5d00000)
 ParOldGen       total 186368K, used 42564K [0x00000000a0000000, 0x00000000ab600000, 0x00000000e0000000)
  object space 186368K, 22% used [0x00000000a0000000,0x00000000a29910d8,0x00000000ab600000)
 Metaspace       used 57254K, capacity 59088K, committed 59160K, reserved 1099776K
  class space    used 7802K, capacity 8315K, committed 8368K, reserved 1048576K
}
Event: 89.010 GC heap before
{Heap before GC invocations=13 (full 3):
 PSYoungGen      total 268288K, used 250368K [0x00000000e0000000, 0x00000000f5d00000, 0x0000000100000000)
  eden space 250368K, 100% used [0x00000000e0000000,0x00000000ef480000,0x00000000ef480000)
  from space 17920K, 0% used [0x00000000ef480000,0x00000000ef480000,0x00000000f0600000)
  to   space 24576K, 0% used [0x00000000f4500000,0x00000000f4500000,0x00000000f5d00000)
 ParOldGen       total 186368K, used 42564K [0x00000000a0000000, 0x00000000ab600000, 0x00000000e0000000)
  object space 186368K, 22% used [0x00000000a0000000,0x00000000a29910d8,0x00000000ab600000)
 Metaspace       used 66944K, capacity 69938K, committed 70056K, reserved 1110016K
  class space    used 8957K, capacity 9603K, committed 9648K, reserved 1048576K
Event: 89.026 GC heap after
Heap after GC invocations=13 (full 3):
 PSYoungGen      total 322560K, used 16572K [0x00000000e0000000, 0x00000000f5880000, 0x0000000100000000)
  eden space 302592K, 0% used [0x00000000e0000000,0x00000000e0000000,0x00000000f2780000)
  from space 19968K, 82% used [0x00000000f4500000,0x00000000f552f2e8,0x00000000f5880000)
  to   space 25088K, 0% used [0x00000000f2780000,0x00000000f2780000,0x00000000f4000000)
 ParOldGen       total 186368K, used 42572K [0x00000000a0000000, 0x00000000ab600000, 0x00000000e0000000)
  object space 186368K, 22% used [0x00000000a0000000,0x00000000a29930d8,0x00000000ab600000)
 Metaspace       used 66944K, capacity 69938K, committed 70056K, reserved 1110016K
  class space    used 8957K, capacity 9603K, committed 9648K, reserved 1048576K
}

