# JRE version: OpenJDK Runtime Environment (8.0_242-b01) (build 1.8.0_242-release-1644-b01)
# Java VM: OpenJDK 64-Bit Server VM (25.242-b01 mixed mode windows-amd64 compressed oops)
Heap:
 PSYoungGen      total 334848K, used 54812K [0x00000000e0000000, 0x00000000f7c80000, 0x0000000100000000)
  eden space 308736K, 12% used [0x00000000e0000000,0x00000000e25f00b0,0x00000000f2d80000)
  from space 26112K, 61% used [0x00000000f2d80000,0x00000000f3d170c0,0x00000000f4700000)
  to   space 26112K, 0% used [0x00000000f6300000,0x00000000f6300000,0x00000000f7c80000)
 ParOldGen       total 179712K, used 42685K [0x00000000a0000000, 0x00000000aaf80000, 0x00000000e0000000)
  object space 179712K, 23% used [0x00000000a0000000,0x00000000a29af6c8,0x00000000aaf80000)
 Metaspace       used 70764K, capacity 73732K, committed 73896K, reserved 1114112K
  class space    used 9424K, capacity 10069K, committed 10160K, reserved 1048576K
GC Heap History (10 events):
Event: 7.892 GC heap before
{Heap before GC invocations=10 (full 2):
 PSYoungGen      total 157696K, used 141824K [0x00000000e0000000, 0x00000000f0800000, 0x0000000100000000)
  eden space 141824K, 100% used [0x00000000e0000000,0x00000000e8a80000,0x00000000e8a80000)
  from space 15872K, 0% used [0x00000000e8a80000,0x00000000e8a80000,0x00000000e9a00000)
  to   space 14848K, 0% used [0x00000000ef980000,0x00000000ef980000,0x00000000f0800000)
 ParOldGen       total 114688K, used 15249K [0x00000000a0000000, 0x00000000a7000000, 0x00000000e0000000)
  object space 114688K, 13% used [0x00000000a0000000,0x00000000a0ee4570,0x00000000a7000000)
 Metaspace       used 46018K, capacity 47084K, committed 47272K, reserved 1089536K
  class space    used 6153K, capacity 6509K, committed 6576K, reserved 1048576K
Event: 7.902 GC heap after
Heap after GC invocations=10 (full 2):
 PSYoungGen      total 247296K, used 14829K [0x00000000e0000000, 0x00000000f0800000, 0x0000000100000000)
  eden space 232448K, 0% used [0x00000000e0000000,0x00000000e0000000,0x00000000ee300000)
  from space 14848K, 99% used [0x00000000ef980000,0x00000000f07fb570,0x00000000f0800000)
  to   space 17920K, 0% used [0x00000000ee500000,0x00000000ee500000,0x00000000ef680000)
 ParOldGen       total 114688K, used 17558K [0x00000000a0000000, 0x00000000a7000000, 0x00000000e0000000)
  object space 114688K, 15% used [0x00000000a0000000,0x00000000a1125ac8,0x00000000a7000000)
 Metaspace       used 46018K, capacity 47084K, committed 47272K, reserved 1089536K
  class space    used 6153K, capacity 6509K, committed 6576K, reserved 1048576K
}
Event: 10.748 GC heap before
{Heap before GC invocations=11 (full 2):
 PSYoungGen      total 247296K, used 227888K [0x00000000e0000000, 0x00000000f0800000, 0x0000000100000000)
  eden space 232448K, 91% used [0x00000000e0000000,0x00000000ed010d58,0x00000000ee300000)
  from space 14848K, 99% used [0x00000000ef980000,0x00000000f07fb570,0x00000000f0800000)
  to   space 17920K, 0% used [0x00000000ee500000,0x00000000ee500000,0x00000000ef680000)
 ParOldGen       total 114688K, used 17558K [0x00000000a0000000, 0x00000000a7000000, 0x00000000e0000000)
  object space 114688K, 15% used [0x00000000a0000000,0x00000000a1125ac8,0x00000000a7000000)
 Metaspace       used 57270K, capacity 59088K, committed 59160K, reserved 1099776K
  class space    used 7813K, capacity 8315K, committed 8368K, reserved 1048576K
Event: 10.772 GC heap after
Heap after GC invocations=11 (full 2):
 PSYoungGen      total 252416K, used 17911K [0x00000000e0000000, 0x00000000f6500000, 0x0000000100000000)
  eden space 234496K, 0% used [0x00000000e0000000,0x00000000e0000000,0x00000000ee500000)
  from space 17920K, 99% used [0x00000000ee500000,0x00000000ef67ddb8,0x00000000ef680000)
  to   space 24576K, 0% used [0x00000000f4d00000,0x00000000f4d00000,0x00000000f6500000)
 ParOldGen       total 114688K, used 28498K [0x00000000a0000000, 0x00000000a7000000, 0x00000000e0000000)
  object space 114688K, 24% used [0x00000000a0000000,0x00000000a1bd4870,0x00000000a7000000)
 Metaspace       used 57270K, capacity 59088K, committed 59160K, reserved 1099776K
  class space    used 7813K, capacity 8315K, committed 8368K, reserved 1048576K
}
Event: 10.772 GC heap before
{Heap before GC invocations=12 (full 3):
 PSYoungGen      total 252416K, used 17911K [0x00000000e0000000, 0x00000000f6500000, 0x0000000100000000)
  eden space 234496K, 0% used [0x00000000e0000000,0x00000000e0000000,0x00000000ee500000)
  from space 17920K, 99% used [0x00000000ee500000,0x00000000ef67ddb8,0x00000000ef680000)
  to   space 24576K, 0% used [0x00000000f4d00000,0x00000000f4d00000,0x00000000f6500000)
 ParOldGen       total 114688K, used 28498K [0x00000000a0000000, 0x00000000a7000000, 0x00000000e0000000)
  object space 114688K, 24% used [0x00000000a0000000,0x00000000a1bd4870,0x00000000a7000000)
 Metaspace       used 57270K, capacity 59088K, committed 59160K, reserved 1099776K
  class space    used 7813K, capacity 8315K, committed 8368K, reserved 1048576K
Event: 11.008 GC heap after
Heap after GC invocations=12 (full 3):
 PSYoungGen      total 252416K, used 0K [0x00000000e0000000, 0x00000000f6500000, 0x0000000100000000)
  eden space 234496K, 0% used [0x00000000e0000000,0x00000000e0000000,0x00000000ee500000)
  from space 17920K, 0% used [0x00000000ee500000,0x00000000ee500000,0x00000000ef680000)
  to   space 24576K, 0% used [0x00000000f4d00000,0x00000000f4d00000,0x00000000f6500000)
 ParOldGen       total 179712K, used 42669K [0x00000000a0000000, 0x00000000aaf80000, 0x00000000e0000000)
  object space 179712K, 23% used [0x00000000a0000000,0x00000000a29ab6c8,0x00000000aaf80000)
 Metaspace       used 57270K, capacity 59088K, committed 59160K, reserved 1099776K
  class space    used 7813K, capacity 8315K, committed 8368K, reserved 1048576K
}
Event: 18.276 GC heap before
{Heap before GC invocations=13 (full 3):
 PSYoungGen      total 252416K, used 228246K [0x00000000e0000000, 0x00000000f6500000, 0x0000000100000000)
  eden space 234496K, 97% used [0x00000000e0000000,0x00000000edee5b30,0x00000000ee500000)
  from space 17920K, 0% used [0x00000000ee500000,0x00000000ee500000,0x00000000ef680000)
  to   space 24576K, 0% used [0x00000000f4d00000,0x00000000f4d00000,0x00000000f6500000)
 ParOldGen       total 179712K, used 42669K [0x00000000a0000000, 0x00000000aaf80000, 0x00000000e0000000)
  object space 179712K, 23% used [0x00000000a0000000,0x00000000a29ab6c8,0x00000000aaf80000)
 Metaspace       used 66298K, capacity 69120K, committed 69160K, reserved 1107968K
  class space    used 9113K, capacity 9775K, committed 9776K, reserved 1048576K
Event: 18.292 GC heap after
Heap after GC invocations=13 (full 3):
 PSYoungGen      total 305664K, used 19763K [0x00000000e0000000, 0x00000000f6080000, 0x0000000100000000)
  eden space 285696K, 0% used [0x00000000e0000000,0x00000000e0000000,0x00000000f1700000)
  from space 19968K, 98% used [0x00000000f4d00000,0x00000000f604ce58,0x00000000f6080000)
  to   space 26112K, 0% used [0x00000000f2d80000,0x00000000f2d80000,0x00000000f4700000)
 ParOldGen       total 179712K, used 42677K [0x00000000a0000000, 0x00000000aaf80000, 0x00000000e0000000)
  object space 179712K, 23% used [0x00000000a0000000,0x00000000a29ad6c8,0x00000000aaf80000)
 Metaspace       used 66298K, capacity 69120K, committed 69160K, reserved 1107968K
  class space    used 9113K, capacity 9775K, committed 9776K, reserved 1048576K
}
Event: 242.424 GC heap before
{Heap before GC invocations=14 (full 3):
 PSYoungGen      total 305664K, used 305459K [0x00000000e0000000, 0x00000000f6080000, 0x0000000100000000)
  eden space 285696K, 100% used [0x00000000e0000000,0x00000000f1700000,0x00000000f1700000)
  from space 19968K, 98% used [0x00000000f4d00000,0x00000000f604ce58,0x00000000f6080000)
  to   space 26112K, 0% used [0x00000000f2d80000,0x00000000f2d80000,0x00000000f4700000)
 ParOldGen       total 179712K, used 42677K [0x00000000a0000000, 0x00000000aaf80000, 0x00000000e0000000)
  object space 179712K, 23% used [0x00000000a0000000,0x00000000a29ad6c8,0x00000000aaf80000)
 Metaspace       used 70366K, capacity 73254K, committed 73384K, reserved 1112064K
  class space    used 9416K, capacity 10056K, committed 10160K, reserved 1048576K
Event: 242.436 GC heap after
Heap after GC invocations=14 (full 3):
 PSYoungGen      total 334848K, used 15964K [0x00000000e0000000, 0x00000000f7c80000, 0x0000000100000000)
  eden space 308736K, 0% used [0x00000000e0000000,0x00000000e0000000,0x00000000f2d80000)
  from space 26112K, 61% used [0x00000000f2d80000,0x00000000f3d170c0,0x00000000f4700000)
  to   space 26112K, 0% used [0x00000000f6300000,0x00000000f6300000,0x00000000f7c80000)
 ParOldGen       total 179712K, used 42685K [0x00000000a0000000, 0x00000000aaf80000, 0x00000000e0000000)
  object space 179712K, 23% used [0x00000000a0000000,0x00000000a29af6c8,0x00000000aaf80000)
 Metaspace       used 70366K, capacity 73254K, committed 73384K, reserved 1112064K
  class space    used 9416K, capacity 10056K, committed 10160K, reserved 1048576K
}

