# JRE version: OpenJDK Runtime Environment (8.0_242-b01) (build 1.8.0_242-release-1644-b01)
# Java VM: OpenJDK 64-Bit Server VM (25.242-b01 mixed mode windows-amd64 compressed oops)
Heap:
 PSYoungGen      total 139264K, used 68681K [0x00000000e0000000, 0x00000000ea680000, 0x0000000100000000)
  eden space 124928K, 47% used [0x00000000e0000000,0x00000000e3a33d48,0x00000000e7a00000)
  from space 14336K, 63% used [0x00000000e7a00000,0x00000000e82de6d8,0x00000000e8800000)
  to   space 13824K, 0% used [0x00000000e9900000,0x00000000e9900000,0x00000000ea680000)
 ParOldGen       total 89600K, used 24966K [0x00000000a0000000, 0x00000000a5780000, 0x00000000e0000000)
  object space 89600K, 27% used [0x00000000a0000000,0x00000000a1861858,0x00000000a5780000)
 Metaspace       used 57058K, capacity 58580K, committed 58800K, reserved 1099776K
  class space    used 7297K, capacity 7769K, committed 7856K, reserved 1048576K
GC Heap History (10 events):
Event: 54.895 GC heap before
{Heap before GC invocations=21 (full 2):
 PSYoungGen      total 114688K, used 108719K [0x00000000e0000000, 0x00000000e7c80000, 0x0000000100000000)
  eden space 103424K, 100% used [0x00000000e0000000,0x00000000e6500000,0x00000000e6500000)
  from space 11264K, 47% used [0x00000000e7080000,0x00000000e75abcd0,0x00000000e7b80000)
  to   space 11776K, 0% used [0x00000000e6500000,0x00000000e6500000,0x00000000e7080000)
 ParOldGen       total 89600K, used 18446K [0x00000000a0000000, 0x00000000a5780000, 0x00000000e0000000)
  object space 89600K, 20% used [0x00000000a0000000,0x00000000a1203bb0,0x00000000a5780000)
 Metaspace       used 43978K, capacity 44826K, committed 44976K, reserved 1087488K
  class space    used 5708K, capacity 5958K, committed 6064K, reserved 1048576K
Event: 54.899 GC heap after
Heap after GC invocations=21 (full 2):
 PSYoungGen      total 115200K, used 6964K [0x00000000e0000000, 0x00000000e8680000, 0x0000000100000000)
  eden space 103424K, 0% used [0x00000000e0000000,0x00000000e0000000,0x00000000e6500000)
  from space 11776K, 59% used [0x00000000e6500000,0x00000000e6bcd190,0x00000000e7080000)
  to   space 11264K, 0% used [0x00000000e7b80000,0x00000000e7b80000,0x00000000e8680000)
 ParOldGen       total 89600K, used 18454K [0x00000000a0000000, 0x00000000a5780000, 0x00000000e0000000)
  object space 89600K, 20% used [0x00000000a0000000,0x00000000a1205bb0,0x00000000a5780000)
 Metaspace       used 43978K, capacity 44826K, committed 44976K, reserved 1087488K
  class space    used 5708K, capacity 5958K, committed 6064K, reserved 1048576K
}
Event: 55.820 GC heap before
{Heap before GC invocations=22 (full 2):
 PSYoungGen      total 115200K, used 110388K [0x00000000e0000000, 0x00000000e8680000, 0x0000000100000000)
  eden space 103424K, 100% used [0x00000000e0000000,0x00000000e6500000,0x00000000e6500000)
  from space 11776K, 59% used [0x00000000e6500000,0x00000000e6bcd190,0x00000000e7080000)
  to   space 11264K, 0% used [0x00000000e7b80000,0x00000000e7b80000,0x00000000e8680000)
 ParOldGen       total 89600K, used 18454K [0x00000000a0000000, 0x00000000a5780000, 0x00000000e0000000)
  object space 89600K, 20% used [0x00000000a0000000,0x00000000a1205bb0,0x00000000a5780000)
 Metaspace       used 43982K, capacity 44826K, committed 44976K, reserved 1087488K
  class space    used 5708K, capacity 5958K, committed 6064K, reserved 1048576K
Event: 55.823 GC heap after
Heap after GC invocations=22 (full 2):
 PSYoungGen      total 125952K, used 5294K [0x00000000e0000000, 0x00000000e8700000, 0x0000000100000000)
  eden space 114688K, 0% used [0x00000000e0000000,0x00000000e0000000,0x00000000e7000000)
  from space 11264K, 47% used [0x00000000e7b80000,0x00000000e80abab8,0x00000000e8680000)
  to   space 11776K, 0% used [0x00000000e7000000,0x00000000e7000000,0x00000000e7b80000)
 ParOldGen       total 89600K, used 18454K [0x00000000a0000000, 0x00000000a5780000, 0x00000000e0000000)
  object space 89600K, 20% used [0x00000000a0000000,0x00000000a1205bb0,0x00000000a5780000)
 Metaspace       used 43982K, capacity 44826K, committed 44976K, reserved 1087488K
  class space    used 5708K, capacity 5958K, committed 6064K, reserved 1048576K
}
Event: 59.595 GC heap before
{Heap before GC invocations=23 (full 2):
 PSYoungGen      total 125952K, used 119982K [0x00000000e0000000, 0x00000000e8700000, 0x0000000100000000)
  eden space 114688K, 100% used [0x00000000e0000000,0x00000000e7000000,0x00000000e7000000)
  from space 11264K, 47% used [0x00000000e7b80000,0x00000000e80abab8,0x00000000e8680000)
  to   space 11776K, 0% used [0x00000000e7000000,0x00000000e7000000,0x00000000e7b80000)
 ParOldGen       total 89600K, used 18454K [0x00000000a0000000, 0x00000000a5780000, 0x00000000e0000000)
  object space 89600K, 20% used [0x00000000a0000000,0x00000000a1205bb0,0x00000000a5780000)
 Metaspace       used 51488K, capacity 52668K, committed 52784K, reserved 1095680K
  class space    used 6614K, capacity 6938K, committed 6960K, reserved 1048576K
Event: 59.603 GC heap after
Heap after GC invocations=23 (full 2):
 PSYoungGen      total 126464K, used 11768K [0x00000000e0000000, 0x00000000e9500000, 0x0000000100000000)
  eden space 114688K, 0% used [0x00000000e0000000,0x00000000e0000000,0x00000000e7000000)
  from space 11776K, 99% used [0x00000000e7000000,0x00000000e7b7e368,0x00000000e7b80000)
  to   space 13312K, 0% used [0x00000000e8800000,0x00000000e8800000,0x00000000e9500000)
 ParOldGen       total 89600K, used 20290K [0x00000000a0000000, 0x00000000a5780000, 0x00000000e0000000)
  object space 89600K, 22% used [0x00000000a0000000,0x00000000a13d09f8,0x00000000a5780000)
 Metaspace       used 51488K, capacity 52668K, committed 52784K, reserved 1095680K
  class space    used 6614K, capacity 6938K, committed 6960K, reserved 1048576K
}
Event: 61.491 GC heap before
{Heap before GC invocations=24 (full 2):
 PSYoungGen      total 126464K, used 126456K [0x00000000e0000000, 0x00000000e9500000, 0x0000000100000000)
  eden space 114688K, 100% used [0x00000000e0000000,0x00000000e7000000,0x00000000e7000000)
  from space 11776K, 99% used [0x00000000e7000000,0x00000000e7b7e368,0x00000000e7b80000)
  to   space 13312K, 0% used [0x00000000e8800000,0x00000000e8800000,0x00000000e9500000)
 ParOldGen       total 89600K, used 20290K [0x00000000a0000000, 0x00000000a5780000, 0x00000000e0000000)
  object space 89600K, 22% used [0x00000000a0000000,0x00000000a13d09f8,0x00000000a5780000)
 Metaspace       used 55552K, capacity 56906K, committed 57136K, reserved 1099776K
  class space    used 7086K, capacity 7462K, committed 7472K, reserved 1048576K
Event: 61.502 GC heap after
Heap after GC invocations=24 (full 2):
 PSYoungGen      total 138240K, used 11776K [0x00000000e0000000, 0x00000000e9880000, 0x0000000100000000)
  eden space 124928K, 0% used [0x00000000e0000000,0x00000000e0000000,0x00000000e7a00000)
  from space 13312K, 88% used [0x00000000e8800000,0x00000000e9380178,0x00000000e9500000)
  to   space 14336K, 0% used [0x00000000e7a00000,0x00000000e7a00000,0x00000000e8800000)
 ParOldGen       total 89600K, used 24958K [0x00000000a0000000, 0x00000000a5780000, 0x00000000e0000000)
  object space 89600K, 27% used [0x00000000a0000000,0x00000000a185f858,0x00000000a5780000)
 Metaspace       used 55552K, capacity 56906K, committed 57136K, reserved 1099776K
  class space    used 7086K, capacity 7462K, committed 7472K, reserved 1048576K
}
Event: 62.105 GC heap before
{Heap before GC invocations=25 (full 2):
 PSYoungGen      total 138240K, used 136704K [0x00000000e0000000, 0x00000000e9880000, 0x0000000100000000)
  eden space 124928K, 100% used [0x00000000e0000000,0x00000000e7a00000,0x00000000e7a00000)
  from space 13312K, 88% used [0x00000000e8800000,0x00000000e9380178,0x00000000e9500000)
  to   space 14336K, 0% used [0x00000000e7a00000,0x00000000e7a00000,0x00000000e8800000)
 ParOldGen       total 89600K, used 24958K [0x00000000a0000000, 0x00000000a5780000, 0x00000000e0000000)
  object space 89600K, 27% used [0x00000000a0000000,0x00000000a185f858,0x00000000a5780000)
 Metaspace       used 56397K, capacity 57820K, committed 58032K, reserved 1099776K
  class space    used 7155K, capacity 7535K, committed 7600K, reserved 1048576K
Event: 62.112 GC heap after
Heap after GC invocations=25 (full 2):
 PSYoungGen      total 139264K, used 9081K [0x00000000e0000000, 0x00000000ea680000, 0x0000000100000000)
  eden space 124928K, 0% used [0x00000000e0000000,0x00000000e0000000,0x00000000e7a00000)
  from space 14336K, 63% used [0x00000000e7a00000,0x00000000e82de6d8,0x00000000e8800000)
  to   space 13824K, 0% used [0x00000000e9900000,0x00000000e9900000,0x00000000ea680000)
 ParOldGen       total 89600K, used 24966K [0x00000000a0000000, 0x00000000a5780000, 0x00000000e0000000)
  object space 89600K, 27% used [0x00000000a0000000,0x00000000a1861858,0x00000000a5780000)
 Metaspace       used 56397K, capacity 57820K, committed 58032K, reserved 1099776K
  class space    used 7155K, capacity 7535K, committed 7600K, reserved 1048576K
}

