# JRE version: OpenJDK Runtime Environment (8.0_242-b01) (build 1.8.0_242-release-1644-b01)
# Java VM: OpenJDK 64-Bit Server VM (25.242-b01 mixed mode windows-amd64 compressed oops)
Heap:
 PSYoungGen      total 118784K, used 93103K [0x00000000e0000000, 0x00000000e8800000, 0x0000000100000000)
  eden space 102400K, 85% used [0x00000000e0000000,0x00000000e55e74d8,0x00000000e6400000)
  from space 16384K, 31% used [0x00000000e7800000,0x00000000e7d04a98,0x00000000e8800000)
  to   space 18432K, 0% used [0x00000000e6400000,0x00000000e6400000,0x00000000e7600000)
 ParOldGen       total 143360K, used 86663K [0x00000000a0000000, 0x00000000a8c00000, 0x00000000e0000000)
  object space 143360K, 60% used [0x00000000a0000000,0x00000000a54a1db0,0x00000000a8c00000)
 Metaspace       used 73969K, capacity 77666K, committed 77736K, reserved 1116160K
  class space    used 9862K, capacity 10657K, committed 10672K, reserved 1048576K
GC Heap History (10 events):
Event: 44.826 GC heap before
{Heap before GC invocations=21 (full 3):
 PSYoungGen      total 86528K, used 82322K [0x00000000e0000000, 0x00000000e6780000, 0x0000000100000000)
  eden space 74752K, 100% used [0x00000000e0000000,0x00000000e4900000,0x00000000e4900000)
  from space 11776K, 64% used [0x00000000e4900000,0x00000000e5064a30,0x00000000e5480000)
  to   space 11264K, 0% used [0x00000000e5c80000,0x00000000e5c80000,0x00000000e6780000)
 ParOldGen       total 143360K, used 35721K [0x00000000a0000000, 0x00000000a8c00000, 0x00000000e0000000)
  object space 143360K, 24% used [0x00000000a0000000,0x00000000a22e27a0,0x00000000a8c00000)
 Metaspace       used 64174K, capacity 67066K, committed 67240K, reserved 1107968K
  class space    used 8899K, capacity 9531K, committed 9648K, reserved 1048576K
Event: 44.833 GC heap after
Heap after GC invocations=21 (full 3):
 PSYoungGen      total 93184K, used 10393K [0x00000000e0000000, 0x00000000e6800000, 0x0000000100000000)
  eden space 81920K, 0% used [0x00000000e0000000,0x00000000e0000000,0x00000000e5000000)
  from space 11264K, 92% used [0x00000000e5c80000,0x00000000e66a65f8,0x00000000e6780000)
  to   space 12288K, 0% used [0x00000000e5000000,0x00000000e5000000,0x00000000e5c00000)
 ParOldGen       total 143360K, used 35729K [0x00000000a0000000, 0x00000000a8c00000, 0x00000000e0000000)
  object space 143360K, 24% used [0x00000000a0000000,0x00000000a22e47a0,0x00000000a8c00000)
 Metaspace       used 64174K, capacity 67066K, committed 67240K, reserved 1107968K
  class space    used 8899K, capacity 9531K, committed 9648K, reserved 1048576K
}
Event: 46.694 GC heap before
{Heap before GC invocations=22 (full 3):
 PSYoungGen      total 93184K, used 89520K [0x00000000e0000000, 0x00000000e6800000, 0x0000000100000000)
  eden space 81920K, 96% used [0x00000000e0000000,0x00000000e4d45a88,0x00000000e5000000)
  from space 11264K, 92% used [0x00000000e5c80000,0x00000000e66a65f8,0x00000000e6780000)
  to   space 12288K, 0% used [0x00000000e5000000,0x00000000e5000000,0x00000000e5c00000)
 ParOldGen       total 143360K, used 35729K [0x00000000a0000000, 0x00000000a8c00000, 0x00000000e0000000)
  object space 143360K, 24% used [0x00000000a0000000,0x00000000a22e47a0,0x00000000a8c00000)
 Metaspace       used 68182K, capacity 71368K, committed 71592K, reserved 1110016K
  class space    used 9430K, capacity 10138K, committed 10160K, reserved 1048576K
Event: 46.704 GC heap after
Heap after GC invocations=22 (full 3):
 PSYoungGen      total 94208K, used 12272K [0x00000000e0000000, 0x00000000e7900000, 0x0000000100000000)
  eden space 81920K, 0% used [0x00000000e0000000,0x00000000e0000000,0x00000000e5000000)
  from space 12288K, 99% used [0x00000000e5000000,0x00000000e5bfc048,0x00000000e5c00000)
  to   space 16896K, 0% used [0x00000000e6880000,0x00000000e6880000,0x00000000e7900000)
 ParOldGen       total 143360K, used 44283K [0x00000000a0000000, 0x00000000a8c00000, 0x00000000e0000000)
  object space 143360K, 30% used [0x00000000a0000000,0x00000000a2b3eff8,0x00000000a8c00000)
 Metaspace       used 68182K, capacity 71368K, committed 71592K, reserved 1110016K
  class space    used 9430K, capacity 10138K, committed 10160K, reserved 1048576K
}
Event: 46.926 GC heap before
{Heap before GC invocations=23 (full 3):
 PSYoungGen      total 94208K, used 87156K [0x00000000e0000000, 0x00000000e7900000, 0x0000000100000000)
  eden space 81920K, 91% used [0x00000000e0000000,0x00000000e4921000,0x00000000e5000000)
  from space 12288K, 99% used [0x00000000e5000000,0x00000000e5bfc048,0x00000000e5c00000)
  to   space 16896K, 0% used [0x00000000e6880000,0x00000000e6880000,0x00000000e7900000)
 ParOldGen       total 143360K, used 44283K [0x00000000a0000000, 0x00000000a8c00000, 0x00000000e0000000)
  object space 143360K, 30% used [0x00000000a0000000,0x00000000a2b3eff8,0x00000000a8c00000)
 Metaspace       used 68317K, capacity 71452K, committed 71592K, reserved 1110016K
  class space    used 9454K, capacity 10142K, committed 10160K, reserved 1048576K
Event: 46.940 GC heap after
Heap after GC invocations=23 (full 3):
 PSYoungGen      total 104960K, used 15280K [0x00000000e0000000, 0x00000000e8680000, 0x0000000100000000)
  eden space 88064K, 0% used [0x00000000e0000000,0x00000000e0000000,0x00000000e5600000)
  from space 16896K, 90% used [0x00000000e6880000,0x00000000e776c200,0x00000000e7900000)
  to   space 18944K, 0% used [0x00000000e5600000,0x00000000e5600000,0x00000000e6880000)
 ParOldGen       total 143360K, used 82643K [0x00000000a0000000, 0x00000000a8c00000, 0x00000000e0000000)
  object space 143360K, 57% used [0x00000000a0000000,0x00000000a50b4ea8,0x00000000a8c00000)
 Metaspace       used 68317K, capacity 71452K, committed 71592K, reserved 1110016K
  class space    used 9454K, capacity 10142K, committed 10160K, reserved 1048576K
}
Event: 1527.172 GC heap before
{Heap before GC invocations=24 (full 3):
 PSYoungGen      total 104960K, used 103344K [0x00000000e0000000, 0x00000000e8680000, 0x0000000100000000)
  eden space 88064K, 100% used [0x00000000e0000000,0x00000000e5600000,0x00000000e5600000)
  from space 16896K, 90% used [0x00000000e6880000,0x00000000e776c200,0x00000000e7900000)
  to   space 18944K, 0% used [0x00000000e5600000,0x00000000e5600000,0x00000000e6880000)
 ParOldGen       total 143360K, used 82643K [0x00000000a0000000, 0x00000000a8c00000, 0x00000000e0000000)
  object space 143360K, 57% used [0x00000000a0000000,0x00000000a50b4ea8,0x00000000a8c00000)
 Metaspace       used 72287K, capacity 75602K, committed 75816K, reserved 1114112K
  class space    used 9777K, capacity 10501K, committed 10544K, reserved 1048576K
Event: 1527.182 GC heap after
Heap after GC invocations=24 (full 3):
 PSYoungGen      total 107008K, used 4666K [0x00000000e0000000, 0x00000000e8a00000, 0x0000000100000000)
  eden space 88064K, 0% used [0x00000000e0000000,0x00000000e0000000,0x00000000e5600000)
  from space 18944K, 24% used [0x00000000e5600000,0x00000000e5a8ead8,0x00000000e6880000)
  to   space 18432K, 0% used [0x00000000e7800000,0x00000000e7800000,0x00000000e8a00000)
 ParOldGen       total 143360K, used 86655K [0x00000000a0000000, 0x00000000a8c00000, 0x00000000e0000000)
  object space 143360K, 60% used [0x00000000a0000000,0x00000000a549fdb0,0x00000000a8c00000)
 Metaspace       used 72287K, capacity 75602K, committed 75816K, reserved 1114112K
  class space    used 9777K, capacity 10501K, committed 10544K, reserved 1048576K
}
Event: 1553.033 GC heap before
{Heap before GC invocations=25 (full 3):
 PSYoungGen      total 107008K, used 92730K [0x00000000e0000000, 0x00000000e8a00000, 0x0000000100000000)
  eden space 88064K, 100% used [0x00000000e0000000,0x00000000e5600000,0x00000000e5600000)
  from space 18944K, 24% used [0x00000000e5600000,0x00000000e5a8ead8,0x00000000e6880000)
  to   space 18432K, 0% used [0x00000000e7800000,0x00000000e7800000,0x00000000e8a00000)
 ParOldGen       total 143360K, used 86655K [0x00000000a0000000, 0x00000000a8c00000, 0x00000000e0000000)
  object space 143360K, 60% used [0x00000000a0000000,0x00000000a549fdb0,0x00000000a8c00000)
 Metaspace       used 73418K, capacity 76942K, committed 77224K, reserved 1116160K
  class space    used 9836K, capacity 10609K, committed 10672K, reserved 1048576K
Event: 1553.039 GC heap after
Heap after GC invocations=25 (full 3):
 PSYoungGen      total 118784K, used 5138K [0x00000000e0000000, 0x00000000e8800000, 0x0000000100000000)
  eden space 102400K, 0% used [0x00000000e0000000,0x00000000e0000000,0x00000000e6400000)
  from space 16384K, 31% used [0x00000000e7800000,0x00000000e7d04a98,0x00000000e8800000)
  to   space 18432K, 0% used [0x00000000e6400000,0x00000000e6400000,0x00000000e7600000)
 ParOldGen       total 143360K, used 86663K [0x00000000a0000000, 0x00000000a8c00000, 0x00000000e0000000)
  object space 143360K, 60% used [0x00000000a0000000,0x00000000a54a1db0,0x00000000a8c00000)
 Metaspace       used 73418K, capacity 76942K, committed 77224K, reserved 1116160K
  class space    used 9836K, capacity 10609K, committed 10672K, reserved 1048576K
}

