# JRE version: OpenJDK Runtime Environment (8.0_242-b01) (build 1.8.0_242-release-1644-b01)
# Java VM: OpenJDK 64-Bit Server VM (25.242-b01 mixed mode windows-amd64 compressed oops)
Heap:
 PSYoungGen      total 141824K, used 105562K [0x00000000e0000000, 0x00000000ea200000, 0x0000000100000000)
  eden space 122880K, 75% used [0x00000000e0000000,0x00000000e5a161e0,0x00000000e7800000)
  from space 18944K, 70% used [0x00000000e8f80000,0x00000000e9c80688,0x00000000ea200000)
  to   space 21504K, 0% used [0x00000000e7800000,0x00000000e7800000,0x00000000e8d00000)
 ParOldGen       total 142848K, used 35717K [0x00000000a0000000, 0x00000000a8b80000, 0x00000000e0000000)
  object space 142848K, 25% used [0x00000000a0000000,0x00000000a22e1558,0x00000000a8b80000)
 Metaspace       used 67959K, capacity 70682K, committed 70872K, reserved 1110016K
  class space    used 9230K, capacity 9898K, committed 9984K, reserved 1048576K
GC Heap History (10 events):
Event: 33.948 GC heap before
{Heap before GC invocations=19 (full 3):
 PSYoungGen      total 107520K, used 13685K [0x00000000e0000000, 0x00000000e8280000, 0x0000000100000000)
  eden space 87040K, 0% used [0x00000000e0000000,0x00000000e0000000,0x00000000e5500000)
  from space 20480K, 66% used [0x00000000e6980000,0x00000000e76dd588,0x00000000e7d80000)
  to   space 20992K, 0% used [0x00000000e5500000,0x00000000e5500000,0x00000000e6980000)
 ParOldGen       total 96256K, used 29027K [0x00000000a0000000, 0x00000000a5e00000, 0x00000000e0000000)
  object space 96256K, 30% used [0x00000000a0000000,0x00000000a1c58f98,0x00000000a5e00000)
 Metaspace       used 57067K, capacity 58870K, committed 58968K, reserved 1099776K
  class space    used 7791K, capacity 8285K, committed 8320K, reserved 1048576K
Event: 34.173 GC heap after
Heap after GC invocations=19 (full 3):
 PSYoungGen      total 107520K, used 0K [0x00000000e0000000, 0x00000000e8280000, 0x0000000100000000)
  eden space 87040K, 0% used [0x00000000e0000000,0x00000000e0000000,0x00000000e5500000)
  from space 20480K, 0% used [0x00000000e6980000,0x00000000e6980000,0x00000000e7d80000)
  to   space 20992K, 0% used [0x00000000e5500000,0x00000000e5500000,0x00000000e6980000)
 ParOldGen       total 142848K, used 35685K [0x00000000a0000000, 0x00000000a8b80000, 0x00000000e0000000)
  object space 142848K, 24% used [0x00000000a0000000,0x00000000a22d9558,0x00000000a8b80000)
 Metaspace       used 57067K, capacity 58870K, committed 58968K, reserved 1099776K
  class space    used 7791K, capacity 8285K, committed 8320K, reserved 1048576K
}
Event: 40.694 GC heap before
{Heap before GC invocations=20 (full 3):
 PSYoungGen      total 107520K, used 87040K [0x00000000e0000000, 0x00000000e8280000, 0x0000000100000000)
  eden space 87040K, 100% used [0x00000000e0000000,0x00000000e5500000,0x00000000e5500000)
  from space 20480K, 0% used [0x00000000e6980000,0x00000000e6980000,0x00000000e7d80000)
  to   space 20992K, 0% used [0x00000000e5500000,0x00000000e5500000,0x00000000e6980000)
 ParOldGen       total 142848K, used 35685K [0x00000000a0000000, 0x00000000a8b80000, 0x00000000e0000000)
  object space 142848K, 24% used [0x00000000a0000000,0x00000000a22d9558,0x00000000a8b80000)
 Metaspace       used 63629K, capacity 65658K, committed 65880K, reserved 1105920K
  class space    used 8673K, capacity 9217K, committed 9344K, reserved 1048576K
Event: 40.700 GC heap after
Heap after GC invocations=20 (full 3):
 PSYoungGen      total 108032K, used 10049K [0x00000000e0000000, 0x00000000e8a80000, 0x0000000100000000)
  eden space 87040K, 0% used [0x00000000e0000000,0x00000000e0000000,0x00000000e5500000)
  from space 20992K, 47% used [0x00000000e5500000,0x00000000e5ed0548,0x00000000e6980000)
  to   space 19968K, 0% used [0x00000000e7700000,0x00000000e7700000,0x00000000e8a80000)
 ParOldGen       total 142848K, used 35693K [0x00000000a0000000, 0x00000000a8b80000, 0x00000000e0000000)
  object space 142848K, 24% used [0x00000000a0000000,0x00000000a22db558,0x00000000a8b80000)
 Metaspace       used 63629K, capacity 65658K, committed 65880K, reserved 1105920K
  class space    used 8673K, capacity 9217K, committed 9344K, reserved 1048576K
}
Event: 42.433 GC heap before
{Heap before GC invocations=21 (full 3):
 PSYoungGen      total 108032K, used 97089K [0x00000000e0000000, 0x00000000e8a80000, 0x0000000100000000)
  eden space 87040K, 100% used [0x00000000e0000000,0x00000000e5500000,0x00000000e5500000)
  from space 20992K, 47% used [0x00000000e5500000,0x00000000e5ed0548,0x00000000e6980000)
  to   space 19968K, 0% used [0x00000000e7700000,0x00000000e7700000,0x00000000e8a80000)
 ParOldGen       total 142848K, used 35693K [0x00000000a0000000, 0x00000000a8b80000, 0x00000000e0000000)
  object space 142848K, 24% used [0x00000000a0000000,0x00000000a22db558,0x00000000a8b80000)
 Metaspace       used 66894K, capacity 69508K, committed 69720K, reserved 1110016K
  class space    used 9140K, capacity 9791K, committed 9856K, reserved 1048576K
Event: 42.443 GC heap after
Heap after GC invocations=21 (full 3):
 PSYoungGen      total 120832K, used 16570K [0x00000000e0000000, 0x00000000e8b80000, 0x0000000100000000)
  eden space 100864K, 0% used [0x00000000e0000000,0x00000000e0000000,0x00000000e6280000)
  from space 19968K, 82% used [0x00000000e7700000,0x00000000e872e908,0x00000000e8a80000)
  to   space 20992K, 0% used [0x00000000e6280000,0x00000000e6280000,0x00000000e7700000)
 ParOldGen       total 142848K, used 35701K [0x00000000a0000000, 0x00000000a8b80000, 0x00000000e0000000)
  object space 142848K, 24% used [0x00000000a0000000,0x00000000a22dd558,0x00000000a8b80000)
 Metaspace       used 66894K, capacity 69508K, committed 69720K, reserved 1110016K
  class space    used 9140K, capacity 9791K, committed 9856K, reserved 1048576K
}
Event: 42.672 GC heap before
{Heap before GC invocations=22 (full 3):
 PSYoungGen      total 120832K, used 117434K [0x00000000e0000000, 0x00000000e8b80000, 0x0000000100000000)
  eden space 100864K, 100% used [0x00000000e0000000,0x00000000e6280000,0x00000000e6280000)
  from space 19968K, 82% used [0x00000000e7700000,0x00000000e872e908,0x00000000e8a80000)
  to   space 20992K, 0% used [0x00000000e6280000,0x00000000e6280000,0x00000000e7700000)
 ParOldGen       total 142848K, used 35701K [0x00000000a0000000, 0x00000000a8b80000, 0x00000000e0000000)
  object space 142848K, 24% used [0x00000000a0000000,0x00000000a22dd558,0x00000000a8b80000)
 Metaspace       used 67076K, capacity 69764K, committed 69976K, reserved 1110016K
  class space    used 9141K, capacity 9791K, committed 9856K, reserved 1048576K
Event: 42.684 GC heap after
Heap after GC invocations=22 (full 3):
 PSYoungGen      total 121856K, used 15411K [0x00000000e0000000, 0x00000000ea500000, 0x0000000100000000)
  eden space 100864K, 0% used [0x00000000e0000000,0x00000000e0000000,0x00000000e6280000)
  from space 20992K, 73% used [0x00000000e6280000,0x00000000e718cf98,0x00000000e7700000)
  to   space 22016K, 0% used [0x00000000e8f80000,0x00000000e8f80000,0x00000000ea500000)
 ParOldGen       total 142848K, used 35709K [0x00000000a0000000, 0x00000000a8b80000, 0x00000000e0000000)
  object space 142848K, 24% used [0x00000000a0000000,0x00000000a22df558,0x00000000a8b80000)
 Metaspace       used 67076K, capacity 69764K, committed 69976K, reserved 1110016K
  class space    used 9141K, capacity 9791K, committed 9856K, reserved 1048576K
}
Event: 44.583 GC heap before
{Heap before GC invocations=23 (full 3):
 PSYoungGen      total 121856K, used 116275K [0x00000000e0000000, 0x00000000ea500000, 0x0000000100000000)
  eden space 100864K, 100% used [0x00000000e0000000,0x00000000e6280000,0x00000000e6280000)
  from space 20992K, 73% used [0x00000000e6280000,0x00000000e718cf98,0x00000000e7700000)
  to   space 22016K, 0% used [0x00000000e8f80000,0x00000000e8f80000,0x00000000ea500000)
 ParOldGen       total 142848K, used 35709K [0x00000000a0000000, 0x00000000a8b80000, 0x00000000e0000000)
  object space 142848K, 24% used [0x00000000a0000000,0x00000000a22df558,0x00000000a8b80000)
 Metaspace       used 67894K, capacity 70618K, committed 70872K, reserved 1110016K
  class space    used 9229K, capacity 9898K, committed 9984K, reserved 1048576K
Event: 44.591 GC heap after
Heap after GC invocations=23 (full 3):
 PSYoungGen      total 141824K, used 13313K [0x00000000e0000000, 0x00000000ea200000, 0x0000000100000000)
  eden space 122880K, 0% used [0x00000000e0000000,0x00000000e0000000,0x00000000e7800000)
  from space 18944K, 70% used [0x00000000e8f80000,0x00000000e9c80688,0x00000000ea200000)
  to   space 21504K, 0% used [0x00000000e7800000,0x00000000e7800000,0x00000000e8d00000)
 ParOldGen       total 142848K, used 35717K [0x00000000a0000000, 0x00000000a8b80000, 0x00000000e0000000)
  object space 142848K, 25% used [0x00000000a0000000,0x00000000a22e1558,0x00000000a8b80000)
 Metaspace       used 67894K, capacity 70618K, committed 70872K, reserved 1110016K
  class space    used 9229K, capacity 9898K, committed 9984K, reserved 1048576K
}

