# JRE version: OpenJDK Runtime Environment (8.0_242-b01) (build 1.8.0_242-release-1644-b01)
# Java VM: OpenJDK 64-Bit Server VM (25.242-b01 mixed mode windows-amd64 compressed oops)
Heap:
 PSYoungGen      total 218112K, used 117911K [0x00000000e0000000, 0x00000000ef300000, 0x0000000100000000)
  eden space 195584K, 48% used [0x00000000e0000000,0x00000000e5d3cff0,0x00000000ebf00000)
  from space 22528K, 99% used [0x00000000ec480000,0x00000000eda68f50,0x00000000eda80000)
  to   space 25088K, 0% used [0x00000000eda80000,0x00000000eda80000,0x00000000ef300000)
 ParOldGen       total 193536K, used 35546K [0x00000000a0000000, 0x00000000abd00000, 0x00000000e0000000)
  object space 193536K, 18% used [0x00000000a0000000,0x00000000a22b6830,0x00000000abd00000)
 Metaspace       used 73971K, capacity 77542K, committed 77736K, reserved 1116160K
  class space    used 9838K, capacity 10607K, committed 10672K, reserved 1048576K
GC Heap History (10 events):
Event: 15.686 GC heap before
{Heap before GC invocations=14 (full 2):
 PSYoungGen      total 144384K, used 34938K [0x00000000e0000000, 0x00000000ecb80000, 0x0000000100000000)
  eden space 127488K, 14% used [0x00000000e0000000,0x00000000e11a0d68,0x00000000e7c80000)
  from space 16896K, 99% used [0x00000000e7c80000,0x00000000e8cfddd8,0x00000000e8d00000)
  to   space 22016K, 0% used [0x00000000eb600000,0x00000000eb600000,0x00000000ecb80000)
 ParOldGen       total 137728K, used 25789K [0x00000000a0000000, 0x00000000a8680000, 0x00000000e0000000)
  object space 137728K, 18% used [0x00000000a0000000,0x00000000a192f548,0x00000000a8680000)
 Metaspace       used 57180K, capacity 59062K, committed 59160K, reserved 1099776K
  class space    used 7810K, capacity 8328K, committed 8368K, reserved 1048576K
Event: 15.697 GC heap after
Heap after GC invocations=14 (full 2):
 PSYoungGen      total 184832K, used 18498K [0x00000000e0000000, 0x00000000edf80000, 0x0000000100000000)
  eden space 162816K, 0% used [0x00000000e0000000,0x00000000e0000000,0x00000000e9f00000)
  from space 22016K, 84% used [0x00000000eb600000,0x00000000ec810860,0x00000000ecb80000)
  to   space 23552K, 0% used [0x00000000e9f00000,0x00000000e9f00000,0x00000000eb600000)
 ParOldGen       total 137728K, used 25797K [0x00000000a0000000, 0x00000000a8680000, 0x00000000e0000000)
  object space 137728K, 18% used [0x00000000a0000000,0x00000000a1931548,0x00000000a8680000)
 Metaspace       used 57180K, capacity 59062K, committed 59160K, reserved 1099776K
  class space    used 7810K, capacity 8328K, committed 8368K, reserved 1048576K
}
Event: 15.697 GC heap before
{Heap before GC invocations=15 (full 3):
 PSYoungGen      total 184832K, used 18498K [0x00000000e0000000, 0x00000000edf80000, 0x0000000100000000)
  eden space 162816K, 0% used [0x00000000e0000000,0x00000000e0000000,0x00000000e9f00000)
  from space 22016K, 84% used [0x00000000eb600000,0x00000000ec810860,0x00000000ecb80000)
  to   space 23552K, 0% used [0x00000000e9f00000,0x00000000e9f00000,0x00000000eb600000)
 ParOldGen       total 137728K, used 25797K [0x00000000a0000000, 0x00000000a8680000, 0x00000000e0000000)
  object space 137728K, 18% used [0x00000000a0000000,0x00000000a1931548,0x00000000a8680000)
 Metaspace       used 57180K, capacity 59062K, committed 59160K, reserved 1099776K
  class space    used 7810K, capacity 8328K, committed 8368K, reserved 1048576K
Event: 15.896 GC heap after
Heap after GC invocations=15 (full 3):
 PSYoungGen      total 184832K, used 0K [0x00000000e0000000, 0x00000000edf80000, 0x0000000100000000)
  eden space 162816K, 0% used [0x00000000e0000000,0x00000000e0000000,0x00000000e9f00000)
  from space 22016K, 0% used [0x00000000eb600000,0x00000000eb600000,0x00000000ecb80000)
  to   space 23552K, 0% used [0x00000000e9f00000,0x00000000e9f00000,0x00000000eb600000)
 ParOldGen       total 193536K, used 35522K [0x00000000a0000000, 0x00000000abd00000, 0x00000000e0000000)
  object space 193536K, 18% used [0x00000000a0000000,0x00000000a22b0830,0x00000000abd00000)
 Metaspace       used 57180K, capacity 59062K, committed 59160K, reserved 1099776K
  class space    used 7810K, capacity 8328K, committed 8368K, reserved 1048576K
}
Event: 625.830 GC heap before
{Heap before GC invocations=16 (full 3):
 PSYoungGen      total 184832K, used 162816K [0x00000000e0000000, 0x00000000edf80000, 0x0000000100000000)
  eden space 162816K, 100% used [0x00000000e0000000,0x00000000e9f00000,0x00000000e9f00000)
  from space 22016K, 0% used [0x00000000eb600000,0x00000000eb600000,0x00000000ecb80000)
  to   space 23552K, 0% used [0x00000000e9f00000,0x00000000e9f00000,0x00000000eb600000)
 ParOldGen       total 193536K, used 35522K [0x00000000a0000000, 0x00000000abd00000, 0x00000000e0000000)
  object space 193536K, 18% used [0x00000000a0000000,0x00000000a22b0830,0x00000000abd00000)
 Metaspace       used 66310K, capacity 69058K, committed 69288K, reserved 1110016K
  class space    used 8960K, capacity 9589K, committed 9648K, reserved 1048576K
Event: 625.844 GC heap after
Heap after GC invocations=16 (full 3):
 PSYoungGen      total 186368K, used 14165K [0x00000000e0000000, 0x00000000ef900000, 0x0000000100000000)
  eden space 162816K, 0% used [0x00000000e0000000,0x00000000e0000000,0x00000000e9f00000)
  from space 23552K, 60% used [0x00000000e9f00000,0x00000000eacd54a0,0x00000000eb600000)
  to   space 23552K, 0% used [0x00000000ee200000,0x00000000ee200000,0x00000000ef900000)
 ParOldGen       total 193536K, used 35530K [0x00000000a0000000, 0x00000000abd00000, 0x00000000e0000000)
  object space 193536K, 18% used [0x00000000a0000000,0x00000000a22b2830,0x00000000abd00000)
 Metaspace       used 66310K, capacity 69058K, committed 69288K, reserved 1110016K
  class space    used 8960K, capacity 9589K, committed 9648K, reserved 1048576K
}
Event: 838.595 GC heap before
{Heap before GC invocations=17 (full 3):
 PSYoungGen      total 186368K, used 176981K [0x00000000e0000000, 0x00000000ef900000, 0x0000000100000000)
  eden space 162816K, 100% used [0x00000000e0000000,0x00000000e9f00000,0x00000000e9f00000)
  from space 23552K, 60% used [0x00000000e9f00000,0x00000000eacd54a0,0x00000000eb600000)
  to   space 23552K, 0% used [0x00000000ee200000,0x00000000ee200000,0x00000000ef900000)
 ParOldGen       total 193536K, used 35530K [0x00000000a0000000, 0x00000000abd00000, 0x00000000e0000000)
  object space 193536K, 18% used [0x00000000a0000000,0x00000000a22b2830,0x00000000abd00000)
 Metaspace       used 69024K, capacity 72134K, committed 72360K, reserved 1112064K
  class space    used 9191K, capacity 9863K, committed 9904K, reserved 1048576K
Event: 838.606 GC heap after
Heap after GC invocations=17 (full 3):
 PSYoungGen      total 219136K, used 16628K [0x00000000e0000000, 0x00000000ef380000, 0x0000000100000000)
  eden space 201216K, 0% used [0x00000000e0000000,0x00000000e0000000,0x00000000ec480000)
  from space 17920K, 92% used [0x00000000ee200000,0x00000000ef23d048,0x00000000ef380000)
  to   space 24064K, 0% used [0x00000000ec480000,0x00000000ec480000,0x00000000edc00000)
 ParOldGen       total 193536K, used 35538K [0x00000000a0000000, 0x00000000abd00000, 0x00000000e0000000)
  object space 193536K, 18% used [0x00000000a0000000,0x00000000a22b4830,0x00000000abd00000)
 Metaspace       used 69024K, capacity 72134K, committed 72360K, reserved 1112064K
  class space    used 9191K, capacity 9863K, committed 9904K, reserved 1048576K
}
Event: 848.353 GC heap before
{Heap before GC invocations=18 (full 3):
 PSYoungGen      total 219136K, used 217844K [0x00000000e0000000, 0x00000000ef380000, 0x0000000100000000)
  eden space 201216K, 100% used [0x00000000e0000000,0x00000000ec480000,0x00000000ec480000)
  from space 17920K, 92% used [0x00000000ee200000,0x00000000ef23d048,0x00000000ef380000)
  to   space 24064K, 0% used [0x00000000ec480000,0x00000000ec480000,0x00000000edc00000)
 ParOldGen       total 193536K, used 35538K [0x00000000a0000000, 0x00000000abd00000, 0x00000000e0000000)
  object space 193536K, 18% used [0x00000000a0000000,0x00000000a22b4830,0x00000000abd00000)
 Metaspace       used 73445K, capacity 76858K, committed 77224K, reserved 1116160K
  class space    used 9812K, capacity 10561K, committed 10672K, reserved 1048576K
Event: 848.366 GC heap after
Heap after GC invocations=18 (full 3):
 PSYoungGen      total 218112K, used 22435K [0x00000000e0000000, 0x00000000ef300000, 0x0000000100000000)
  eden space 195584K, 0% used [0x00000000e0000000,0x00000000e0000000,0x00000000ebf00000)
  from space 22528K, 99% used [0x00000000ec480000,0x00000000eda68f50,0x00000000eda80000)
  to   space 25088K, 0% used [0x00000000eda80000,0x00000000eda80000,0x00000000ef300000)
 ParOldGen       total 193536K, used 35546K [0x00000000a0000000, 0x00000000abd00000, 0x00000000e0000000)
  object space 193536K, 18% used [0x00000000a0000000,0x00000000a22b6830,0x00000000abd00000)
 Metaspace       used 73445K, capacity 76858K, committed 77224K, reserved 1116160K
  class space    used 9812K, capacity 10561K, committed 10672K, reserved 1048576K
}

